<?xml version="1.0" encoding="utf-8"?><testsuites name="pytest tests"><testsuite name="pytest" errors="0" failures="0" skipped="0" tests="23" time="0.469" timestamp="2026-09-10T19:34:34.958098+08:00" hostname="mlflow-training-zl8wuc-496809-n3-master-0"><testcase classname="tests.test_restore_primary_v3" name="test_real_complete_index_has_all_current_cells" time="0.007" /><testcase classname="tests.test_restore_primary_v3" name="test_rehashed_invalid_index_is_rejected[old_protocol]" time="0.013" /><testcase classname="tests.test_restore_primary_v3" name="test_rehashed_invalid_index_is_rejected[moving_revision]" time="0.012" /><testcase classname="tests.test_restore_primary_v3" name="test_rehashed_invalid_index_is_rejected[old_prefix]" time="0.011" /><testcase classname="tests.test_restore_primary_v3" name="test_rehashed_invalid_index_is_rejected[duplicate_cell]" time="0.015" /><testcase classname="tests.test_restore_primary_v3" name="test_rehashed_invalid_index_is_rejected[wrong_step]" time="0.011" /><testcase classname="tests.test_restore_primary_v3" name="test_rehashed_invalid_index_is_rejected[unsafe_file]" time="0.011" /><testcase classname="tests.test_restore_primary_v3" name="test_rehashed_invalid_index_is_rejected[missing_file]" time="0.011" /><testcase classname="tests.test_restore_primary_v3" name="test_rehashed_invalid_index_is_rejected[wrong_lfs]" time="0.011" /><testcase classname="tests.test_restore_primary_v3" name="test_rehashed_invalid_index_is_rejected[wrong_total]" time="0.014" /><testcase classname="tests.test_restore_primary_v3" name="test_rehashed_invalid_index_is_rejected[scientific_claim]" time="0.022" /><testcase classname="tests.test_restore_primary_v3" name="test_index_digest_cannot_be_self_substituted" time="0.001" /><testcase classname="tests.test_restore_primary_v3" name="test_selection_requires_explicit_scope" time="0.006" /><testcase classname="tests.test_restore_primary_v3" name="test_path_escape_is_rejected[../escape]" time="0.001" /><testcase classname="tests.test_restore_primary_v3" name="test_path_escape_is_rejected[/absolute]" time="0.001" /><testcase classname="tests.test_restore_primary_v3" name="test_path_escape_is_rejected[a/../../escape]" time="0.001" /><testcase classname="tests.test_restore_primary_v3" name="test_symlinked_destination_is_rejected" time="0.001" /><testcase classname="tests.test_restore_primary_v3" name="test_download_and_repeat_resume_verify_without_overwrite" time="0.158" /><testcase classname="tests.test_restore_primary_v3" name="test_resume_refuses_existing_damage_before_network[corrupt]" time="0.025" /><testcase classname="tests.test_restore_primary_v3" name="test_resume_refuses_existing_damage_before_network[extra]" time="0.022" /><testcase classname="tests.test_restore_primary_v3" name="test_resume_refuses_existing_damage_before_network[symlink]" time="0.022" /><testcase classname="tests.test_restore_primary_v3" name="test_missing_payload_fails_verification" time="0.007" /><testcase classname="tests.test_restore_primary_v3" name="test_nonempty_destination_requires_resume_before_network" time="0.022" /></testsuite></testsuites>