<?xml version="1.0" encoding="utf-8"?><testsuites name="pytest tests"><testsuite name="pytest" errors="0" failures="0" skipped="0" tests="21" time="0.240" timestamp="2026-09-13T07:57:15.507218+08:00" hostname="mlflow-training-zl8wuc-496809-n3-master-0"><testcase classname="tests.test_current_distribution_surface" name="test_current_v3_configuration_reference_closure_is_distributed" time="0.016" /><testcase classname="tests.test_current_distribution_surface" name="test_actual_recovery_scripts_and_guides_are_distributed" time="0.009" /><testcase classname="tests.test_distribution" name="test_third_party_notices_cover_modified_upstream_files" time="0.001" /><testcase classname="tests.test_distribution" name="test_distribution_bundles_third_party_notices" time="0.008" /><testcase classname="tests.test_distribution" name="test_private_release_citation_metadata_has_no_premature_release_date" time="0.006" /><testcase classname="tests.test_distribution" name="test_public_governance_reproduces_release_checks_and_private_reporting" time="0.000" /><testcase classname="tests.test_distribution" name="test_distribution_scanner_rejects_producer_checkout_paths" time="0.000" /><testcase classname="tests.test_distribution" name="test_distribution_preserves_weight_space_document_links" time="0.009" /><testcase classname="tests.test_distribution" name="test_distribution_bundles_frozen_representation_probe_spec" time="0.008" /><testcase classname="tests.test_distribution" name="test_distribution_bundles_prospective_beir_probe_protocol" time="0.008" /><testcase classname="tests.test_distribution" name="test_distribution_bundles_frozen_common_state_spectrum_protocol" time="0.008" /><testcase classname="tests.test_distribution" name="test_distribution_bundles_prospective_basis_sensitivity_protocol" time="0.008" /><testcase classname="tests.test_distribution" name="test_distribution_bundles_training_receipt_and_retrieval_dynamics_protocol" time="0.008" /><testcase classname="tests.test_distribution" name="test_distribution_bundles_frozen_paper_claim_protocol" time="0.008" /><testcase classname="tests.test_distribution" name="test_distribution_bundles_causal_chain_runtime_contracts_and_entry_points" time="0.008" /><testcase classname="tests.test_distribution" name="test_distribution_bundles_dense_retrieval_dynamics_extension" time="0.008" /><testcase classname="tests.test_distribution" name="test_distribution_exposes_candidate_breadth_release_controller" time="0.000" /><testcase classname="tests.test_distribution" name="test_distribution_bundles_portable_generated_training_matrix_closure" time="0.009" /><testcase classname="tests.test_distribution" name="test_completed_dense_dynamics_distribution_requires_manifest_csv_svg_pdf" time="0.003" /><testcase classname="tests.test_distribution" name="test_distribution_bundles_result_safe_paper_sources" time="0.009" /><testcase classname="tests.test_distribution" name="test_distribution_bundles_project_governance_documents" time="0.009" /></testsuite></testsuites>