<?xml version="1.0" encoding="utf-8"?><testsuites name="pytest tests"><testsuite name="pytest" errors="0" failures="0" skipped="0" tests="37" time="3.858" timestamp="2026-09-13T15:09:42.398693+08:00" hostname="mlflow-training-zl8wuc-496809-n3-master-0"><testcase classname="test_resume.OperationalControls" name="test_array_byte_mismatch" time="0.001" /><testcase classname="test_resume.OperationalControls" name="test_bf16_scalar_and_noncontiguous" time="0.004" /><testcase classname="test_resume.OperationalControls" name="test_complete_pool_a" time="0.000" /><testcase classname="test_resume.OperationalControls" name="test_complete_pool_b" time="0.000" /><testcase classname="test_resume.OperationalControls" name="test_container_type_mismatch" time="0.000" /><testcase classname="test_resume.OperationalControls" name="test_duplicate_probe_rejected" time="0.000" /><testcase classname="test_resume.OperationalControls" name="test_existing_output_rejected" time="0.001" /><testcase classname="test_resume.OperationalControls" name="test_explicit_command_source_and_authority" time="0.000" /><testcase classname="test_resume.OperationalControls" name="test_failed_rank_rejected" time="0.000" /><testcase classname="test_resume.OperationalControls" name="test_full_named_tree_comparison" time="0.001" /><testcase classname="test_resume.OperationalControls" name="test_length_mismatch" time="0.000" /><testcase classname="test_resume.OperationalControls" name="test_model_tensor_mismatch" time="0.000" /><testcase classname="test_resume.OperationalControls" name="test_native_resume_not_fresh_worker" time="0.012" /><testcase classname="test_resume.OperationalControls" name="test_no_duplicate_dynamic_dict_keywords" time="0.011" /><testcase classname="test_resume.OperationalControls" name="test_nonfinite_scalar_rejected" time="0.000" /><testcase classname="test_resume.OperationalControls" name="test_optimizer_key_mismatch" time="0.000" /><testcase classname="test_resume.OperationalControls" name="test_partial_beir_rejected" time="0.000" /><testcase classname="test_resume.OperationalControls" name="test_partial_probe_rejected" time="0.000" /><testcase classname="test_resume.OperationalControls" name="test_relative_output_rejected" time="0.000" /><testcase classname="test_resume.OperationalControls" name="test_signed_scalar_zero_mismatch" time="0.000" /><testcase classname="test_resume.OperationalControls" name="test_signed_tensor_zero_mismatch" time="0.000" /><testcase classname="test_resume.OperationalControls" name="test_symlink_output_rejected" time="0.001" /><testcase classname="test_resume.OperationalControls" name="test_tensor_dtype_mismatch" time="0.000" /><testcase classname="test_resume.OperationalControls" name="test_training_gap_rejected" time="0.000" /><testcase classname="test_resume.OperationalControls" name="test_unread_training_rejected" time="0.000" /><testcase classname="test_resume.OperationalControls" name="test_wrong_beir_run_rejected" time="0.000" /><testcase classname="test_resume.OperationalControls" name="test_wrong_beir_source_rejected" time="0.000" /><testcase classname="test_resume.OperationalControls" name="test_wrong_probe_authority_rejected" time="0.000" /><testcase classname="test_resume.OperationalControls" name="test_wrong_probe_step_rejected" time="0.000" /><testcase classname="test_resume_device.DeviceRecoveryControls" name="test_callback_runs_once_without_control_change" time="2.530" /><testcase classname="test_resume_device.DeviceRecoveryControls" name="test_component_change_rejected" time="0.002" /><testcase classname="test_resume_device.DeviceRecoveryControls" name="test_native_loader_and_comparator_not_overridden" time="0.024" /><testcase classname="test_resume_device.DeviceRecoveryControls" name="test_no_download_cli_surface" time="0.007" /><testcase classname="test_resume_device.DeviceRecoveryControls" name="test_original_download_not_relabelled" time="0.003" /><testcase classname="test_resume_device.DeviceRecoveryControls" name="test_unrestored_optimizer_rejected" time="0.002" /><testcase classname="test_resume_device.DeviceRecoveryControls" name="test_wrong_counter_population_rejected" time="0.002" /><testcase classname="test_resume_device.DeviceRecoveryControls" name="test_wrong_counter_value_rejected" time="0.002" /></testsuite></testsuites>