<?xml version="1.0" encoding="utf-8"?><testsuites name="pytest tests"><testsuite name="pytest" errors="0" failures="0" skipped="0" tests="3" time="1.292" timestamp="2026-09-13T18:17:04.853316+08:00" hostname="mlflow-training-zl8wuc-496809-n3-master-0"><testcase classname="tests.test_config" name="test_public_docs_record_compute_and_acceleration_contract" time="0.001" /><testcase classname="tests.test_candidate_breadth_release" name="test_completion_gates_require_the_posthoc_release_after_canonical_finalization" time="0.000" /><testcase classname="tests.test_distribution" name="test_distribution_preserves_weight_space_document_links" time="0.012" /></testsuite></testsuites>