<?xml version="1.0" encoding="utf-8"?><testsuites name="pytest tests"><testsuite name="pytest" errors="0" failures="0" skipped="0" tests="25" time="5.775" timestamp="2026-09-13T18:10:15.181835+08:00" hostname="mlflow-training-zl8wuc-496809-n3-master-0"><testcase classname="test_trace" name="test_hooks_observe_but_never_replace_or_mutate_inputs_and_gradients" time="0.011" /><testcase classname="test_trace" name="test_feature_mismatch_is_not_admitted[token]" time="0.001" /><testcase classname="test_trace" name="test_feature_mismatch_is_not_admitted[shape]" time="0.001" /><testcase classname="test_trace" name="test_feature_mismatch_is_not_admitted[dtype]" time="0.001" /><testcase classname="test_trace" name="test_feature_mismatch_is_not_admitted[extra]" time="0.001" /><testcase classname="test_trace" name="test_incomplete_or_extra_gradient_events_refused" time="0.000" /><testcase classname="test_trace" name="test_wrong_stop_boundary_refused[314-313-4]" time="0.000" /><testcase classname="test_trace" name="test_wrong_stop_boundary_refused[313-314-4]" time="0.000" /><testcase classname="test_trace" name="test_wrong_stop_boundary_refused[313-313-1]" time="0.000" /><testcase classname="test_trace" name="test_cpu_copy_is_independent_and_recursive" time="0.000" /><testcase classname="test_paired" name="test_cpu_rng_round_trip_preserves_python_numpy_and_torch_streams" time="0.000" /><testcase classname="test_paired" name="test_second_pass_uses_native_step_and_sync_order_without_updates" time="0.000" /><testcase classname="test_paired" name="test_invalid_pair_rejected_before_zeroing[count]" time="0.000" /><testcase classname="test_paired" name="test_invalid_pair_rejected_before_zeroing[normalization]" time="0.000" /><testcase classname="test_paired" name="test_non_none_actual_item_count_is_refused_before_zeroing" time="0.000" /><testcase classname="test_paired" name="test_original_installed_training_step_scales_none_count_for_both_flags[False]" time="4.544" /><testcase classname="test_paired" name="test_original_installed_training_step_scales_none_count_for_both_flags[True]" time="0.002" /><testcase classname="test_gate" name="test_exact_gate_accepts_complete_pair" time="0.001" /><testcase classname="test_gate" name="test_any_boundary_difference_refuses_before_update[parameter_count]" time="0.002" /><testcase classname="test_gate" name="test_any_boundary_difference_refuses_before_update[event_count]" time="0.001" /><testcase classname="test_gate" name="test_any_boundary_difference_refuses_before_update[features]" time="0.001" /><testcase classname="test_gate" name="test_any_boundary_difference_refuses_before_update[cold_local]" time="0.001" /><testcase classname="test_gate" name="test_any_boundary_difference_refuses_before_update[reference_local]" time="0.001" /><testcase classname="test_gate" name="test_any_boundary_difference_refuses_before_update[post_ddp]" time="0.001" /><testcase classname="test_gate" name="test_any_boundary_difference_refuses_before_update[rng]" time="0.001" /></testsuite></testsuites>